C:\Program Files (x86)\MSBuild\Microsoft.Cpp\v4.0\V140\Microsoft.CppBuild.targets(392,5): warning MSB8028: The intermediate directory (Release\) contains files shared from another project (SML.vcxproj).  This can lead to incorrect clean and rebuild behavior.
  Engine.cpp
Engine.cpp(47): warning C4101: 'mouseX': unreferenced local variable
Engine.cpp(47): warning C4101: 'mouseY': unreferenced local variable
  Game.cpp
Game.cpp(55): warning C4244: 'argument': conversion from 'int' to 'float', possible loss of data
Game.cpp(64): warning C4244: '=': conversion from 'int' to 'float', possible loss of data
Game.cpp(65): warning C4244: '=': conversion from 'int' to 'float', possible loss of data
  GlobalObjects.cpp
GlobalObjects.cpp(25): warning C4244: 'argument': conversion from 'double' to 'float', possible loss of data
GlobalObjects.cpp(54): warning C4244: '+=': conversion from 'double' to 'float', possible loss of data
GlobalObjects.cpp(96): warning C4244: 'argument': conversion from 'double' to 'float', possible loss of data
  Ground.cpp
  HumanStatistic.cpp
HumanStatistic.cpp(53): warning C4244: 'argument': conversion from 'unsigned int' to 'float', possible loss of data
HumanStatistic.cpp(54): warning C4244: 'argument': conversion from 'unsigned int' to 'float', possible loss of data
  main.cpp
main.cpp(7): warning C4244: 'argument': conversion from 'time_t' to 'unsigned int', possible loss of data
  Player.cpp
Player.cpp(166): warning C4244: '=': conversion from 'double' to 'float', possible loss of data
Player.cpp(167): warning C4244: '=': conversion from 'double' to 'float', possible loss of data
Player.cpp(198): warning C4244: 'initializing': conversion from 'double' to 'float', possible loss of data
Player.cpp(202): warning C4244: 'initializing': conversion from 'double' to 'float', possible loss of data
  Population.cpp
Population.cpp(19): warning C4244: 'argument': conversion from 'int' to 'float', possible loss of data
Population.cpp(21): warning C4244: 'argument': conversion from 'int' to 'float', possible loss of data
  TextureLoader.cpp
Population.obj : error LNK2001: unresolved external symbol "public: void __thiscall list<class Human>::addNode(class Human &)" (?addNode@?$list@VHuman@@@@QAEXAAVHuman@@@Z)
Population.obj : error LNK2001: unresolved external symbol "public: __thiscall list<class Human>::list<class Human>(void)" (??0?$list@VHuman@@@@QAE@XZ)
E:\Git\Symulator\Release\Symulator.exe : fatal error LNK1120: 2 unresolved externals
