C:\Program Files (x86)\MSBuild\Microsoft.Cpp\v4.0\V140\Microsoft.CppBuild.targets(392,5): warning MSB8028: The intermediate directory (Debug\) contains files shared from another project (SML.vcxproj).  This can lead to incorrect clean and rebuild behavior.
  main.cpp
e:\git\symulator\sml\main.cpp(7): warning C4244: 'argument': conversion from 'time_t' to 'unsigned int', possible loss of data
  Population.cpp
e:\git\symulator\sml\population.cpp(22): warning C4244: 'argument': conversion from 'int' to 'float', possible loss of data
e:\git\symulator\sml\population.cpp(24): warning C4244: 'argument': conversion from 'int' to 'float', possible loss of data
  Player.cpp
e:\git\symulator\sml\player.cpp(178): warning C4244: '=': conversion from 'double' to 'float', possible loss of data
e:\git\symulator\sml\player.cpp(179): warning C4244: '=': conversion from 'double' to 'float', possible loss of data
e:\git\symulator\sml\player.cpp(210): warning C4244: 'initializing': conversion from 'double' to 'float', possible loss of data
e:\git\symulator\sml\player.cpp(214): warning C4244: 'initializing': conversion from 'double' to 'float', possible loss of data
  HumanStatistic.cpp
e:\git\symulator\sml\humanstatistic.cpp(58): warning C4244: 'argument': conversion from 'unsigned int' to 'float', possible loss of data
e:\git\symulator\sml\humanstatistic.cpp(59): warning C4244: 'argument': conversion from 'unsigned int' to 'float', possible loss of data
  GlobalObjects.cpp
e:\git\symulator\sml\globalobjects.cpp(25): warning C4244: 'argument': conversion from 'double' to 'float', possible loss of data
e:\git\symulator\sml\globalobjects.cpp(54): warning C4244: '+=': conversion from 'double' to 'float', possible loss of data
e:\git\symulator\sml\globalobjects.cpp(96): warning C4244: 'argument': conversion from 'double' to 'float', possible loss of data
  Game.cpp
e:\git\symulator\sml\game.cpp(55): warning C4244: 'argument': conversion from 'int' to 'float', possible loss of data
e:\git\symulator\sml\game.cpp(64): warning C4244: '=': conversion from 'int' to 'float', possible loss of data
e:\git\symulator\sml\game.cpp(65): warning C4244: '=': conversion from 'int' to 'float', possible loss of data
  Engine.cpp
  Generating Code...
  SML.vcxproj -> E:\Git\Symulator\Debug\Symulator.exe
