e:\git\symulator\sml\debug\vc140.pdb
e:\git\symulator\sml\debug\vc140.idb
e:\git\symulator\sml\debug\engine.obj
e:\git\symulator\sml\debug\game.obj
e:\git\symulator\sml\debug\globalobjects.obj
e:\git\symulator\sml\debug\ground.obj
e:\git\symulator\sml\debug\humanstatistic.obj
e:\git\symulator\sml\debug\main.obj
e:\git\symulator\sml\debug\player.obj
e:\git\symulator\sml\debug\population.obj
e:\git\symulator\debug\symulator.pdb
e:\git\symulator\sml\debug\symulator.tlog\cl.command.1.tlog
e:\git\symulator\sml\debug\symulator.tlog\cl.read.1.tlog
e:\git\symulator\sml\debug\symulator.tlog\cl.write.1.tlog
e:\git\symulator\sml\debug\symulator.tlog\link-cvtres.read.1.tlog
e:\git\symulator\sml\debug\symulator.tlog\link-cvtres.write.1.tlog
e:\git\symulator\sml\debug\symulator.tlog\link-rc.read.1.tlog
e:\git\symulator\sml\debug\symulator.tlog\link-rc.write.1.tlog
e:\git\symulator\sml\debug\symulator.tlog\link.1432-cvtres.read.1.tlog
e:\git\symulator\sml\debug\symulator.tlog\link.1432-cvtres.write.1.tlog
e:\git\symulator\sml\debug\symulator.tlog\link.1432-rc.read.1.tlog
e:\git\symulator\sml\debug\symulator.tlog\link.1432-rc.write.1.tlog
e:\git\symulator\sml\debug\symulator.tlog\link.1432.read.1.tlog
e:\git\symulator\sml\debug\symulator.tlog\link.1432.write.1.tlog
e:\git\symulator\sml\debug\symulator.tlog\link.command.1.tlog
e:\git\symulator\sml\debug\symulator.tlog\link.read.1.tlog
e:\git\symulator\sml\debug\symulator.tlog\link.write.1.tlog
